#
# There is insufficient memory for the Java Runtime Environment to continue.
# Native memory allocation (mmap) failed to map 1933312 bytes for G1 virtual space
# Possible reasons:
#   The system is out of physical RAM or swap space
#   The process is running with CompressedOops enabled, and the Java Heap may be blocking the growth of the native heap
# Possible solutions:
#   Reduce memory load on the system
#   Increase physical memory or swap space
#   Check if swap backing store is full
#   Decrease Java heap size (-Xmx/-Xms)
#   Decrease number of Java threads
#   Decrease Java thread stack sizes (-Xss)
#   Set larger code cache with -XX:ReservedCodeCacheSize=
#   JVM is running with Unscaled Compressed Oops mode in which the Java heap is
#     placed in the first 4GB address space. The Java Heap base address is the
#     maximum limit for the native heap growth. Please use -XX:HeapBaseMinAddress
#     to set the Java Heap base and to place the Java Heap above 4GB virtual address.
# This output file may be truncated or incomplete.
#
#  Out of Memory Error (os_windows.cpp:3530), pid=18824, tid=7864
#
# JRE version:  (18.0.1.1+2) (build )
# Java VM: Java HotSpot(TM) 64-Bit Server VM (18.0.1.1+2-6, mixed mode, sharing, tiered, compressed oops, compressed class ptrs, g1 gc, windows-amd64)
# No core dump will be written. Minidumps are not enabled by default on client versions of Windows
#

---------------  S U M M A R Y ------------

Command Line: -Dfile.encoding=UTF-8 -XX:+ShowCodeDetailsInExceptionMessages Stedium_Management.Admin_host

Host: AMD Ryzen 5 4600H with Radeon Graphics         , 12 cores, 7G,  Windows 11 , 64 bit Build 22621 (10.0.22621.1028)
Time: Thu Dec  8 03:20:29 2022 India Standard Time elapsed time: 0.011073 seconds (0d 0h 0m 0s)

---------------  T H R E A D  ---------------

Current thread (0x000001817ea10b10):  JavaThread "Unknown thread" [_thread_in_vm, id=7864, stack(0x000000519dc00000,0x000000519dd00000)]

Stack: [0x000000519dc00000,0x000000519dd00000]
Native frames: (J=compiled Java code, j=interpreted, Vv=VM code, C=native code)
V  [jvm.dll+0x69887a]
V  [jvm.dll+0x7f38bd]
V  [jvm.dll+0x7f51ce]
V  [jvm.dll+0x7f5883]
V  [jvm.dll+0x25ca3f]
V  [jvm.dll+0x6957c9]
V  [jvm.dll+0x68a2fa]
V  [jvm.dll+0x321efb]
V  [jvm.dll+0x3298d6]
V  [jvm.dll+0x37e493]
V  [jvm.dll+0x37e6af]
V  [jvm.dll+0x2f9c7a]
V  [jvm.dll+0x2facdd]
V  [jvm.dll+0x7c24f0]
V  [jvm.dll+0x38b801]
V  [jvm.dll+0x7a1203]
V  [jvm.dll+0x40d6bf]
V  [jvm.dll+0x40f091]
C  [jli.dll+0x526b]
C  [ucrtbase.dll+0x29363]
C  [KERNEL32.DLL+0x1247d]
C  [ntdll.dll+0x5dfb8]


---------------  P R O C E S S  ---------------

Threads class SMR info:
_java_thread_list=0x00007ffa5559d550, length=0, elements={
}

Java Threads: ( => current thread )

Other Threads:
  0x000001817ea68e60 WorkerThread "GC Thread#0" [stack: 0x000000519dd00000,0x000000519de00000] [id=20172]
  0x000001817ea7a700 ConcurrentGCThread "G1 Main Marker" [stack: 0x000000519de00000,0x000000519df00000] [id=8960]
  0x000001817ea7b630 WorkerThread "G1 Conc#0" [stack: 0x000000519df00000,0x000000519e000000] [id=22100]

[error occurred during error reporting (printing all threads), id 0xc0000005, EXCEPTION_ACCESS_VIOLATION (0xc0000005) at pc=0x00007ffa54dca217]

VM state: not at safepoint (not fully initialized)

VM Mutex/Monitor currently owned by a thread:  ([mutex/lock_event])
[0x000001817ea09f80] Heap_lock - owner thread: 0x000001817ea10b10

Heap address: 0x000000008a200000, size: 1886 MB, Compressed Oops mode: 32-bit

CDS archive(s) mapped at: [0x0000000000000000-0x0000000000000000-0x0000000000000000), size 0, SharedBaseAddress: 0x0000000800000000, ArchiveRelocationMode: 0.
Narrow klass base: 0x0000000000000000, Narrow klass shift: 0, Narrow klass range: 0x0

GC Precious Log:
 CardTable entry size: 512
 Card Set container configuration: InlinePtr #cards 5 size 8 Array Of Cards #cards 12 size 40 Howl #buckets 4 coarsen threshold 1843 Howl Bitmap #cards 512 size 80 coarsen threshold 460 Card regions per heap region 1 cards per card region 2048

Heap:
 garbage-first heap   total 0K, used 0K [0x000000008a200000, 0x0000000100000000)
  region size 1024K, 0 young (0K), 0 survivors (0K)

[error occurred during error reporting (printing heap information), id 0xc0000005, EXCEPTION_ACCESS_VIOLATION (0xc0000005) at pc=0x00007ffa551b0cb9]

GC Heap History (0 events):
No events

Deoptimization events (0 events):
No events

Classes loaded (0 events):
No events

Classes unloaded (0 events):
No events

Classes redefined (0 events):
No events

Internal exceptions (0 events):
No events

VM Operations (0 events):
No events

Events (1 events):
Event: 0.006 Loaded shared library C:\Program Files\Java\jdk-18.0.1.1\bin\java.dll


Dynamic libraries:
0x00007ff750c60000 - 0x00007ff750c70000 	C:\Program Files\Java\jdk-18.0.1.1\bin\javaw.exe
0x00007ffaa6450000 - 0x00007ffaa6664000 	C:\WINDOWS\SYSTEM32\ntdll.dll
0x00007ffaa5ba0000 - 0x00007ffaa5c62000 	C:\WINDOWS\System32\KERNEL32.DLL
0x00007ffaa3b60000 - 0x00007ffaa3efd000 	C:\WINDOWS\System32\KERNELBASE.dll
0x00007ffaa3a40000 - 0x00007ffaa3b51000 	C:\WINDOWS\System32\ucrtbase.dll
0x00007ffa57580000 - 0x00007ffa57598000 	C:\Program Files\Java\jdk-18.0.1.1\bin\jli.dll
0x00007ffa575a0000 - 0x00007ffa575ba000 	C:\Program Files\Java\jdk-18.0.1.1\bin\VCRUNTIME140.dll
0x00007ffaa6130000 - 0x00007ffaa61de000 	C:\WINDOWS\System32\ADVAPI32.dll
0x00007ffaa4cc0000 - 0x00007ffaa4d67000 	C:\WINDOWS\System32\msvcrt.dll
0x00007ffaa5210000 - 0x00007ffaa52b4000 	C:\WINDOWS\System32\sechost.dll
0x00007ffaa44c0000 - 0x00007ffaa45d5000 	C:\WINDOWS\System32\RPCRT4.dll
0x00007ffaa49f0000 - 0x00007ffaa4b9d000 	C:\WINDOWS\System32\USER32.dll
0x00007ffaa4210000 - 0x00007ffaa4236000 	C:\WINDOWS\System32\win32u.dll
0x00007ffa84230000 - 0x00007ffa844be000 	C:\WINDOWS\WinSxS\amd64_microsoft.windows.common-controls_6595b64144ccf1df_6.0.22621.436_none_a94247dbc10d8414\COMCTL32.dll
0x00007ffaa63e0000 - 0x00007ffaa6409000 	C:\WINDOWS\System32\GDI32.dll
0x00007ffaa4070000 - 0x00007ffaa4182000 	C:\WINDOWS\System32\gdi32full.dll
0x00007ffaa39a0000 - 0x00007ffaa3a3a000 	C:\WINDOWS\System32\msvcp_win.dll
0x00007ffa9b690000 - 0x00007ffa9b69a000 	C:\WINDOWS\SYSTEM32\VERSION.dll
0x00007ffaa61e0000 - 0x00007ffaa6212000 	C:\WINDOWS\System32\IMM32.DLL
0x00007ffa57450000 - 0x00007ffa5745c000 	C:\Program Files\Java\jdk-18.0.1.1\bin\vcruntime140_1.dll
0x00007ffa573c0000 - 0x00007ffa5744d000 	C:\Program Files\Java\jdk-18.0.1.1\bin\msvcp140.dll
0x00007ffa54ac0000 - 0x00007ffa556d0000 	C:\Program Files\Java\jdk-18.0.1.1\bin\server\jvm.dll
0x00007ffaa4d70000 - 0x00007ffaa4d78000 	C:\WINDOWS\System32\PSAPI.DLL
0x00007ffa573b0000 - 0x00007ffa573b9000 	C:\WINDOWS\SYSTEM32\WSOCK32.dll
0x00007ffa9d0f0000 - 0x00007ffa9d124000 	C:\WINDOWS\SYSTEM32\WINMM.dll
0x00007ffaa4970000 - 0x00007ffaa49e1000 	C:\WINDOWS\System32\WS2_32.dll
0x00007ffaa28d0000 - 0x00007ffaa28e8000 	C:\WINDOWS\SYSTEM32\kernel.appcore.dll
0x00007ffa573a0000 - 0x00007ffa573aa000 	C:\Program Files\Java\jdk-18.0.1.1\bin\jimage.dll
0x00007ffa90b70000 - 0x00007ffa90d9e000 	C:\WINDOWS\SYSTEM32\DBGHELP.DLL
0x00007ffaa45e0000 - 0x00007ffaa496a000 	C:\WINDOWS\System32\combase.dll
0x00007ffaa5f90000 - 0x00007ffaa6067000 	C:\WINDOWS\System32\OLEAUT32.dll
0x00007ffa90110000 - 0x00007ffa90142000 	C:\WINDOWS\SYSTEM32\dbgcore.DLL
0x00007ffaa4190000 - 0x00007ffaa420b000 	C:\WINDOWS\System32\bcryptPrimitives.dll
0x00007ffa57370000 - 0x00007ffa57395000 	C:\Program Files\Java\jdk-18.0.1.1\bin\java.dll

dbghelp: loaded successfully - version: 4.0.5 - missing functions: none
symbol engine: initialized successfully - sym options: 0x614 - pdb path: .;C:\Program Files\Java\jdk-18.0.1.1\bin;C:\WINDOWS\SYSTEM32;C:\WINDOWS\WinSxS\amd64_microsoft.windows.common-controls_6595b64144ccf1df_6.0.22621.436_none_a94247dbc10d8414;C:\Program Files\Java\jdk-18.0.1.1\bin\server

VM Arguments:
jvm_args: -Dfile.encoding=UTF-8 -XX:+ShowCodeDetailsInExceptionMessages 
java_command: Stedium_Management.Admin_host
java_class_path (initial): C:\Users\abhih\eclipse-workspace\project\bin;F:\Downloads\Compressed\mysql-connector-j-8.0.31\mysql-connector-j-8.0.31\mysql-connector-j-8.0.31.jar;F:\Downloads\Compressed\sqlserverjdbc.jar\sqlserverjdbc.jar;F:\Downloads\Compressed\sqljdbc_11.2.1.0_enu\sqljdbc_11.2\enu\mssql-jdbc-11.2.1.jre18.jar
Launcher Type: SUN_STANDARD

[Global flags]
     intx CICompilerCount                          = 4                                         {product} {ergonomic}
     uint ConcGCThreads                            = 3                                         {product} {ergonomic}
     uint G1ConcRefinementThreads                  = 10                                        {product} {ergonomic}
   size_t G1HeapRegionSize                         = 1048576                                   {product} {ergonomic}
    uintx GCDrainStackTargetSize                   = 64                                        {product} {ergonomic}
   size_t InitialHeapSize                          = 123731968                                 {product} {ergonomic}
   size_t MarkStackSize                            = 4194304                                   {product} {ergonomic}
   size_t MaxHeapSize                              = 1977614336                                {product} {ergonomic}
   size_t MinHeapDeltaBytes                        = 1048576                                   {product} {ergonomic}
   size_t MinHeapSize                              = 8388608                                   {product} {ergonomic}
    uintx NonNMethodCodeHeapSize                   = 5839372                                {pd product} {ergonomic}
    uintx NonProfiledCodeHeapSize                  = 122909434                              {pd product} {ergonomic}
    uintx ProfiledCodeHeapSize                     = 122909434                              {pd product} {ergonomic}
    uintx ReservedCodeCacheSize                    = 251658240                              {pd product} {ergonomic}
     bool SegmentedCodeCache                       = true                                      {product} {ergonomic}
     bool ShowCodeDetailsInExceptionMessages       = true                                   {manageable} {command line}
   size_t SoftMaxHeapSize                          = 1977614336                             {manageable} {ergonomic}
     bool UseCompressedClassPointers               = true                           {product lp64_product} {ergonomic}
     bool UseCompressedOops                        = true                           {product lp64_product} {ergonomic}
     bool UseG1GC                                  = true                                      {product} {ergonomic}
     bool UseLargePagesIndividualAllocation        = false                                  {pd product} {ergonomic}

Logging:
Log output configuration:
 #0: stdout all=warning uptime,level,tags foldmultilines=false
 #1: stderr all=off uptime,level,tags foldmultilines=false

Environment Variables:
PATH=C:\Program Files\Common Files\Oracle\Java\javapath;C:\windows\system32;C:\windows;C:\windows\System32\Wbem;C:\windows\System32\WindowsPowerShell\v1.0\;C:\windows\System32\OpenSSH\;C:\Program Files (x86)\NVIDIA Corporation\PhysX\Common;C:\Program Files\NVIDIA Corporation\NVIDIA NvDLISR;C:\WINDOWS\system32;C:\WINDOWS;C:\WINDOWS\System32\Wbem;C:\WINDOWS\System32\WindowsPowerShell\v1.0\;C:\WINDOWS\System32\OpenSSH\;C:\Program Files\dotnet\;C:\MinGW\bin;C:\Program Files\nodejs\;C:\Users\abhih\venv;C:\Program Files\Git\cmd;C:\Program Files\MySQL\MySQL Server 8.0\bin;C:\Program Files\MySQL\MySQL Shell 8.0\bin\;F:\Scripts\;F:\;C:\Users\abhih\AppData\Local\Microsoft\WindowsApps;F:\Microsoft VS Code\bin;C:\Users\abhih\AppData\Roaming\npm;C:\Program Files\JetBrains\PyCharm 2022.1\bin;;C:\Program Files\JetBrains\IntelliJ IDEA 2022.1\bin;;C:\Users\abhih\AppData\Local\GitHubDesktop\bin;C:\Users\abhih\AppData\Local\flutter\bin;C:\Program Files\JetBrains\PyCharm Community Edition 2022.2.1\bin;;F:\Microsoft VS Code\bin;
USERNAME=abhih
OS=Windows_NT
PROCESSOR_IDENTIFIER=AMD64 Family 23 Model 96 Stepping 1, AuthenticAMD



---------------  S Y S T E M  ---------------

OS:
 Windows 11 , 64 bit Build 22621 (10.0.22621.1028)
OS uptime: 0 days 8:03 hours

CPU: total 12 (initial active 12) (12 cores per cpu, 2 threads per core) family 23 model 96 stepping 1 microcode 0x0, cx8, cmov, fxsr, ht, mmx, 3dnowpref, sse, sse2, sse3, ssse3, sse4a, sse4.1, sse4.2, popcnt, lzcnt, tsc, tscinvbit, avx, avx2, aes, clmul, bmi1, bmi2, adx, sha, fma, vzeroupper, clflush, clflushopt

Memory: 4k page, system-wide physical 7541M (264M free)
TotalPageFile size 25916M (AvailPageFile size 5M)
current process WorkingSet (physical memory assigned to process): 11M, peak: 11M
current process commit charge ("private bytes"): 182M, peak: 184M

vm_info: Java HotSpot(TM) 64-Bit Server VM (18.0.1.1+2-6) for windows-amd64 JRE (18.0.1.1+2-6), built on Apr 25 2022 21:53:15 by "mach5one" with MS VC++ 16.8 / 16.9 (VS2019)

END.
